SF:lib/src/header.dart
DA:22,3
DA:30,3
DA:32,3
DA:34,3
DA:35,3
DA:36,3
DA:37,3
DA:39,3
DA:40,3
DA:41,3
LF:10
LH:10
end_of_record
SF:lib/src/month_picker.dart
DA:23,1
DA:38,2
DA:83,1
DA:84,1
DA:94,9
DA:96,1
DA:98,3
DA:100,2
DA:101,7
DA:103,1
DA:106,0
DA:110,0
DA:111,0
DA:112,0
DA:117,0
DA:120,1
DA:122,2
DA:123,1
DA:126,1
DA:127,1
DA:128,10
DA:130,1
DA:131,1
DA:132,1
DA:133,2
DA:134,2
DA:136,1
DA:137,2
DA:138,2
DA:139,2
DA:140,2
DA:141,2
DA:142,2
DA:143,2
DA:144,2
DA:145,1
DA:146,3
DA:147,2
DA:148,1
DA:154,1
DA:155,5
DA:156,6
DA:158,2
DA:159,1
DA:163,1
DA:165,1
DA:168,1
DA:169,1
DA:170,0
DA:171,3
DA:172,1
DA:173,2
DA:178,1
DA:179,2
DA:186,1
DA:187,1
DA:189,1
DA:191,1
DA:192,1
DA:193,1
DA:194,1
DA:195,1
LF:62
LH:56
end_of_record
SF:lib/src/date_picker.dart
DA:62,0
DA:85,0
DA:86,0
DA:89,0
DA:90,0
DA:93,0
DA:94,0
DA:97,0
DA:102,0
DA:107,0
DA:112,0
DA:210,0
DA:211,0
DA:218,0
DA:220,0
DA:221,0
DA:223,0
DA:226,0
DA:228,0
DA:229,0
DA:231,0
DA:232,0
DA:234,0
DA:237,0
DA:239,0
DA:240,0
DA:244,0
DA:245,0
DA:246,0
DA:256,0
DA:258,0
DA:259,0
DA:264,0
DA:271,0
DA:273,0
DA:274,0
DA:279,0
DA:286,0
DA:288,0
DA:289,0
DA:294,0
DA:295,0
DA:296,0
DA:305,0
DA:307,0
DA:308,0
DA:314,0
DA:315,0
DA:316,0
DA:324,0
DA:325,0
DA:326,0
DA:327,0
DA:328,0
DA:329,0
DA:330,0
DA:331,0
DA:341,0
DA:342,0
DA:343,0
DA:345,0
DA:347,0
DA:348,0
DA:349,0
DA:354,0
DA:355,0
DA:356,0
DA:357,0
DA:358,0
DA:359,0
DA:360,0
DA:369,0
DA:370,0
DA:371,0
DA:374,0
DA:375,0
DA:376,0
DA:377,0
DA:382,0
DA:383,0
DA:384,0
DA:385,0
DA:386,0
DA:387,0
DA:388,0
DA:397,0
DA:398,0
DA:399,0
DA:400,0
LF:89
LH:0
end_of_record
SF:lib/src/days_picker.dart
DA:25,1
DA:42,2
DA:100,1
DA:101,1
DA:111,1
DA:113,3
DA:114,2
DA:115,5
DA:117,7
DA:118,3
DA:119,2
DA:121,1
DA:124,0
DA:130,0
DA:131,0
DA:132,0
DA:133,0
DA:136,0
DA:139,1
DA:141,2
DA:142,1
DA:145,1
DA:147,3
DA:149,1
DA:150,1
DA:151,1
DA:152,2
DA:153,2
DA:155,1
DA:156,2
DA:157,2
DA:158,2
DA:159,2
DA:160,2
DA:161,2
DA:162,2
DA:163,2
DA:164,2
DA:165,1
DA:166,2
DA:167,1
DA:169,3
DA:174,1
DA:176,3
DA:178,2
DA:179,1
DA:180,4
DA:181,2
DA:183,2
DA:188,1
DA:190,3
DA:191,1
DA:197,2
DA:201,2
DA:208,1
DA:210,1
DA:213,1
DA:214,1
DA:215,0
DA:216,1
DA:217,2
DA:218,1
DA:219,1
DA:220,1
DA:221,1
DA:222,1
DA:223,1
DA:224,1
DA:225,1
DA:226,1
DA:227,1
DA:228,1
DA:229,2
DA:234,1
DA:235,2
DA:242,1
DA:244,1
DA:245,1
DA:247,1
DA:248,1
DA:249,6
DA:250,1
DA:251,1
DA:275,1
DA:291,2
DA:339,1
DA:341,1
DA:342,1
DA:343,1
DA:344,1
DA:345,1
DA:346,1
DA:347,1
DA:348,1
DA:349,1
DA:350,1
DA:351,1
DA:352,1
DA:353,1
DA:354,1
DA:355,1
DA:356,1
LF:102
LH:95
end_of_record
SF:lib/src/year_picker.dart
DA:23,1
DA:37,2
DA:79,1
DA:80,1
DA:94,1
DA:95,10
DA:97,1
DA:99,11
DA:100,1
DA:104,1
DA:105,1
DA:106,6
DA:107,8
DA:111,1
DA:113,3
DA:115,2
DA:116,7
DA:117,9
DA:120,1
DA:123,0
DA:127,0
DA:128,0
DA:130,0
DA:131,0
DA:132,0
DA:140,0
DA:143,1
DA:145,2
DA:146,1
DA:149,1
DA:150,1
DA:152,1
DA:153,1
DA:154,1
DA:155,2
DA:156,2
DA:158,1
DA:159,2
DA:160,2
DA:161,2
DA:162,2
DA:163,2
DA:164,2
DA:165,2
DA:166,2
DA:167,1
DA:168,3
DA:169,2
DA:170,1
DA:176,1
DA:177,2
DA:178,2
DA:182,1
DA:184,1
DA:187,1
DA:188,1
DA:189,0
DA:191,7
DA:192,1
DA:193,2
DA:198,1
DA:199,2
DA:206,1
DA:207,1
DA:209,1
DA:211,1
DA:212,1
DA:213,1
DA:214,1
DA:215,1
LF:70
LH:62
end_of_record
SF:lib/src/show_date_picker_dialog.dart
DA:36,0
DA:65,0
DA:74,0
DA:75,0
DA:77,0
DA:79,0
DA:83,0
LF:7
LH:0
end_of_record
SF:lib/src/days_view.dart
DA:18,2
DA:35,4
DA:36,4
DA:38,2
DA:39,2
DA:40,2
DA:111,2
DA:116,2
DA:118,8
DA:124,6
DA:126,4
DA:128,2
DA:129,2
DA:130,2
DA:131,2
DA:132,2
DA:133,2
DA:141,8
DA:148,2
DA:150,4
DA:152,2
DA:157,4
DA:158,4
DA:159,2
DA:160,2
DA:162,2
DA:163,2
DA:164,2
DA:165,2
DA:168,2
DA:169,2
DA:170,2
DA:171,2
DA:172,2
DA:174,2
DA:176,8
DA:178,4
DA:180,4
DA:183,2
DA:184,2
DA:189,2
DA:190,2
DA:194,1
DA:195,1
DA:199,1
DA:200,1
DA:203,2
DA:205,2
DA:206,2
DA:207,2
DA:214,1
DA:218,2
DA:219,6
DA:220,4
DA:221,5
DA:222,4
DA:223,2
DA:231,6
DA:239,2
DA:243,2
DA:253,2
LF:61
LH:61
end_of_record
SF:lib/src/picker_grid_delegate.dart
DA:28,18
DA:47,6
DA:49,18
DA:51,6
DA:53,12
DA:54,18
DA:55,6
DA:57,6
DA:58,12
DA:62,0
LF:10
LH:9
end_of_record
SF:lib/src/leading_date.dart
DA:6,3
DA:17,3
DA:19,3
DA:20,3
DA:21,3
DA:22,3
DA:23,3
DA:26,9
LF:8
LH:8
end_of_record
SF:lib/src/page_sliders.dart
DA:11,3
DA:16,3
DA:18,3
DA:20,3
DA:22,3
DA:24,3
DA:25,3
DA:26,3
DA:27,3
DA:30,3
DA:34,3
DA:37,12
DA:43,3
DA:44,3
DA:45,3
DA:48,3
DA:52,3
DA:55,12
LF:18
LH:18
end_of_record
SF:lib/src/month_view.dart
DA:13,2
DA:29,4
DA:30,4
DA:32,2
DA:33,2
DA:34,2
DA:84,2
DA:86,4
DA:88,2
DA:89,2
DA:91,4
DA:94,10
DA:95,10
DA:97,2
DA:99,10
DA:103,8
DA:104,2
DA:107,2
DA:108,4
DA:111,4
DA:114,12
DA:116,2
DA:119,2
DA:120,2
DA:125,2
DA:126,2
DA:131,2
DA:132,2
DA:136,1
DA:137,1
DA:140,2
DA:142,2
DA:143,2
DA:144,2
DA:151,1
DA:155,2
DA:156,6
DA:157,4
DA:158,5
DA:159,4
DA:160,2
DA:161,2
DA:169,2
DA:170,2
DA:173,2
DA:182,2
LF:46
LH:46
end_of_record
SF:lib/src/year_view.dart
DA:12,2
DA:28,4
DA:29,4
DA:30,6
DA:31,6
DA:33,2
DA:34,4
DA:36,2
DA:37,2
DA:38,2
DA:89,2
DA:91,4
DA:93,4
DA:94,6
DA:95,6
DA:96,4
DA:98,2
DA:100,4
DA:103,2
DA:106,2
DA:108,16
DA:110,4
DA:112,8
DA:115,2
DA:116,2
DA:121,2
DA:122,2
DA:127,2
DA:128,2
DA:132,1
DA:133,1
DA:136,2
DA:138,2
DA:139,2
DA:140,4
DA:147,1
DA:151,4
DA:152,2
DA:153,6
DA:154,4
DA:155,5
DA:156,4
DA:157,2
DA:158,4
DA:166,2
DA:167,2
DA:170,2
DA:179,2
LF:48
LH:48
end_of_record
